<?xml version="1.0" encoding="UTF-8"?>
<Site BuildName="Darwin-clang++"
	BuildStamp="20240805-2014-Experimental"
	Name="RM6D6232DQ"
	Generator="ctest-3.29.5"
	CompilerName="/usr/bin/clang++"
	CompilerVersion="15.0.0.15000309"
	OSName="macOS"
	Hostname="RM6D6232DQ"
	OSRelease="14.6"
	OSVersion="23G80"
	OSPlatform="arm64"
	Is64Bits="1"
	VendorString="IBM"
	VendorID="IBM"
	FamilyID="16777228"
	ModelID="2"
	ProcessorCacheSize="131072"
	NumberOfLogicalCPU="10"
	NumberOfPhysicalCPU="10"
	TotalVirtualMemory="0"
	TotalPhysicalMemory="32768"
	LogicalProcessorsPerPhysical="10"
	ProcessorClockFrequency="0"
	>
	<Testing>
		<StartDateTime>Aug 05 16:14 EDT</StartDateTime>
		<StartTestTime>1722888884</StartTestTime>
		<TestList/>
		<EndDateTime>Aug 05 16:14 EDT</EndDateTime>
		<EndTestTime>1722888884</EndTestTime>
		<ElapsedMinutes>0</ElapsedMinutes>
	</Testing>
</Site>
